# JRE version: OpenJDK Runtime Environment Temurin-17.0.6+10 (17.0.6+10) (build 17.0.6+10)
# Java VM: OpenJDK 64-Bit Server VM Temurin-17.0.6+10 (17.0.6+10, mixed mode, emulated-client, tiered, compressed oops, compressed class ptrs, g1 gc, windows-amd64)
GC Precious Log:
 CPUs: 4 total, 4 available
 Memory: 4005M
 Large Page Support: Disabled
 NUMA Support: Disabled
 Compressed Oops: Enabled (32-bit)
 Heap Region Size: 1M
 Heap Min Capacity: 8M
 Heap Initial Capacity: 64M
 Heap Max Capacity: 1G
 Pre-touch: Disabled
 Parallel Workers: 4
 Concurrent Workers: 1
 Concurrent Refinement Workers: 4
 Periodic GC: Disabled
Heap:
 garbage-first heap   total 84992K, used 30310K [0x00000000c0000000, 0x0000000100000000)
  region size 1024K, 1 young (1024K), 0 survivors (0K)
 Metaspace       used 58951K, committed 59840K, reserved 1105920K
  class space    used 7324K, committed 7616K, reserved 1048576K
GC Heap History (20 events):
Event: 257.590 GC heap before
{Heap before GC invocations=29 (full 11):
 garbage-first heap   total 84992K, used 31492K [0x00000000c0000000, 0x0000000100000000)
  region size 1024K, 1 young (1024K), 0 survivors (0K)
 Metaspace       used 58917K, committed 59840K, reserved 1105920K
  class space    used 7319K, committed 7616K, reserved 1048576K
}
Event: 257.663 GC heap after
{Heap after GC invocations=30 (full 12):
 garbage-first heap   total 84992K, used 31492K [0x00000000c0000000, 0x0000000100000000)
  region size 1024K, 0 young (0K), 0 survivors (0K)
 Metaspace       used 58917K, committed 59840K, reserved 1105920K
  class space    used 7319K, committed 7616K, reserved 1048576K
}
Event: 268.741 GC heap before
{Heap before GC invocations=30 (full 12):
 garbage-first heap   total 84992K, used 31492K [0x00000000c0000000, 0x0000000100000000)
  region size 1024K, 1 young (1024K), 0 survivors (0K)
 Metaspace       used 58917K, committed 59840K, reserved 1105920K
  class space    used 7319K, committed 7616K, reserved 1048576K
}
Event: 268.821 GC heap after
{Heap after GC invocations=31 (full 13):
 garbage-first heap   total 84992K, used 31492K [0x00000000c0000000, 0x0000000100000000)
  region size 1024K, 0 young (0K), 0 survivors (0K)
 Metaspace       used 58917K, committed 59840K, reserved 1105920K
  class space    used 7319K, committed 7616K, reserved 1048576K
}
Event: 279.567 GC heap before
{Heap before GC invocations=31 (full 13):
 garbage-first heap   total 84992K, used 31492K [0x00000000c0000000, 0x0000000100000000)
  region size 1024K, 1 young (1024K), 0 survivors (0K)
 Metaspace       used 58917K, committed 59840K, reserved 1105920K
  class space    used 7319K, committed 7616K, reserved 1048576K
}
Event: 279.751 GC heap after
{Heap after GC invocations=32 (full 14):
 garbage-first heap   total 84992K, used 31492K [0x00000000c0000000, 0x0000000100000000)
  region size 1024K, 0 young (0K), 0 survivors (0K)
 Metaspace       used 58917K, committed 59840K, reserved 1105920K
  class space    used 7319K, committed 7616K, reserved 1048576K
}
Event: 295.755 GC heap before
{Heap before GC invocations=32 (full 14):
 garbage-first heap   total 84992K, used 31492K [0x00000000c0000000, 0x0000000100000000)
  region size 1024K, 1 young (1024K), 0 survivors (0K)
 Metaspace       used 58917K, committed 59840K, reserved 1105920K
  class space    used 7319K, committed 7616K, reserved 1048576K
}
Event: 296.112 GC heap after
{Heap after GC invocations=33 (full 15):
 garbage-first heap   total 84992K, used 31492K [0x00000000c0000000, 0x0000000100000000)
  region size 1024K, 0 young (0K), 0 survivors (0K)
 Metaspace       used 58917K, committed 59840K, reserved 1105920K
  class space    used 7319K, committed 7616K, reserved 1048576K
}
Event: 307.478 GC heap before
{Heap before GC invocations=33 (full 15):
 garbage-first heap   total 84992K, used 31492K [0x00000000c0000000, 0x0000000100000000)
  region size 1024K, 1 young (1024K), 0 survivors (0K)
 Metaspace       used 58917K, committed 59840K, reserved 1105920K
  class space    used 7319K, committed 7616K, reserved 1048576K
}
Event: 307.633 GC heap after
{Heap after GC invocations=34 (full 16):
 garbage-first heap   total 84992K, used 31492K [0x00000000c0000000, 0x0000000100000000)
  region size 1024K, 0 young (0K), 0 survivors (0K)
 Metaspace       used 58917K, committed 59840K, reserved 1105920K
  class space    used 7319K, committed 7616K, reserved 1048576K
}
Event: 318.269 GC heap before
{Heap before GC invocations=34 (full 16):
 garbage-first heap   total 84992K, used 31492K [0x00000000c0000000, 0x0000000100000000)
  region size 1024K, 1 young (1024K), 0 survivors (0K)
 Metaspace       used 58940K, committed 59840K, reserved 1105920K
  class space    used 7322K, committed 7616K, reserved 1048576K
}
Event: 318.368 GC heap after
{Heap after GC invocations=35 (full 17):
 garbage-first heap   total 84992K, used 31244K [0x00000000c0000000, 0x0000000100000000)
  region size 1024K, 0 young (0K), 0 survivors (0K)
 Metaspace       used 58940K, committed 59840K, reserved 1105920K
  class space    used 7322K, committed 7616K, reserved 1048576K
}
Event: 328.768 GC heap before
{Heap before GC invocations=35 (full 17):
 garbage-first heap   total 84992K, used 31244K [0x00000000c0000000, 0x0000000100000000)
  region size 1024K, 1 young (1024K), 0 survivors (0K)
 Metaspace       used 58940K, committed 59840K, reserved 1105920K
  class space    used 7322K, committed 7616K, reserved 1048576K
}
Event: 328.843 GC heap after
{Heap after GC invocations=36 (full 18):
 garbage-first heap   total 84992K, used 30294K [0x00000000c0000000, 0x0000000100000000)
  region size 1024K, 0 young (0K), 0 survivors (0K)
 Metaspace       used 58940K, committed 59840K, reserved 1105920K
  class space    used 7322K, committed 7616K, reserved 1048576K
}
Event: 339.137 GC heap before
{Heap before GC invocations=36 (full 18):
 garbage-first heap   total 84992K, used 30294K [0x00000000c0000000, 0x0000000100000000)
  region size 1024K, 1 young (1024K), 0 survivors (0K)
 Metaspace       used 58951K, committed 59840K, reserved 1105920K
  class space    used 7324K, committed 7616K, reserved 1048576K
}
Event: 339.183 GC heap after
{Heap after GC invocations=37 (full 19):
 garbage-first heap   total 84992K, used 30309K [0x00000000c0000000, 0x0000000100000000)
  region size 1024K, 0 young (0K), 0 survivors (0K)
 Metaspace       used 58951K, committed 59840K, reserved 1105920K
  class space    used 7324K, committed 7616K, reserved 1048576K
}
Event: 350.266 GC heap before
{Heap before GC invocations=37 (full 19):
 garbage-first heap   total 84992K, used 30309K [0x00000000c0000000, 0x0000000100000000)
  region size 1024K, 1 young (1024K), 0 survivors (0K)
 Metaspace       used 58951K, committed 59840K, reserved 1105920K
  class space    used 7324K, committed 7616K, reserved 1048576K
}
Event: 350.333 GC heap after
{Heap after GC invocations=38 (full 20):
 garbage-first heap   total 84992K, used 30309K [0x00000000c0000000, 0x0000000100000000)
  region size 1024K, 0 young (0K), 0 survivors (0K)
 Metaspace       used 58951K, committed 59840K, reserved 1105920K
  class space    used 7324K, committed 7616K, reserved 1048576K
}
Event: 361.043 GC heap before
{Heap before GC invocations=38 (full 20):
 garbage-first heap   total 84992K, used 30309K [0x00000000c0000000, 0x0000000100000000)
  region size 1024K, 1 young (1024K), 0 survivors (0K)
 Metaspace       used 58951K, committed 59840K, reserved 1105920K
  class space    used 7324K, committed 7616K, reserved 1048576K
}
Event: 361.111 GC heap after
{Heap after GC invocations=39 (full 21):
 garbage-first heap   total 84992K, used 30310K [0x00000000c0000000, 0x0000000100000000)
  region size 1024K, 0 young (0K), 0 survivors (0K)
 Metaspace       used 58951K, committed 59840K, reserved 1105920K
  class space    used 7324K, committed 7616K, reserved 1048576K
}

